生成启动时间为 2014/1/7 16:06:34。
     1>项目“C:\Users\Administrator\Documents\Visual Studio 2010\Projects\ECG\ECG\ECG.vcxproj”在节点 2 上(build 个目标)。
     1>InitializeBuildStatus:
         正在创建“Debug\ECG.unsuccessfulbuild”，因为已指定“AlwaysCreate”。
       ClCompile:
         d:\Program Files\Microsoft Visual Studio 10.0\VC\bin\CL.exe /c /ZI /nologo /W3 /WX- /Od /Oy- /D WIN32 /D _DEBUG /D _CONSOLE /D _UNICODE /D UNICODE /Gm /EHsc /RTC1 /MDd /GS /fp:precise /Zc:wchar_t /Zc:forScope /Fo"Debug\\" /Fd"Debug\vc100.pdb" /Gd /TP /analyze- /errorReport:prompt feature_extraction.cc
         feature_extraction.cc
     1>c:\users\administrator\documents\visual studio 2010\projects\ecg\ecg\feature_extraction.cc(19): warning C4996: 'freopen': This function or variable may be unsafe. Consider using freopen_s instead. To disable deprecation, use _CRT_SECURE_NO_WARNINGS. See online help for details.
                 d:\program files\microsoft visual studio 10.0\vc\include\stdio.h(249) : 参见“freopen”的声明
     1>c:\users\administrator\documents\visual studio 2010\projects\ecg\ecg\feature_extraction.cc(23): warning C4996: 'scanf': This function or variable may be unsafe. Consider using scanf_s instead. To disable deprecation, use _CRT_SECURE_NO_WARNINGS. See online help for details.
                 d:\program files\microsoft visual studio 10.0\vc\include\stdio.h(304) : 参见“scanf”的声明
     1>c:\users\administrator\documents\visual studio 2010\projects\ecg\ecg\feature_extraction.cc(27): warning C4996: 'scanf': This function or variable may be unsafe. Consider using scanf_s instead. To disable deprecation, use _CRT_SECURE_NO_WARNINGS. See online help for details.
                 d:\program files\microsoft visual studio 10.0\vc\include\stdio.h(304) : 参见“scanf”的声明
     1>c:\users\administrator\documents\visual studio 2010\projects\ecg\ecg\feature_extraction.cc(33): warning C4996: 'freopen': This function or variable may be unsafe. Consider using freopen_s instead. To disable deprecation, use _CRT_SECURE_NO_WARNINGS. See online help for details.
                 d:\program files\microsoft visual studio 10.0\vc\include\stdio.h(249) : 参见“freopen”的声明
     1>c:\users\administrator\documents\visual studio 2010\projects\ecg\ecg\feature_extraction.cc(35): warning C4996: 'scanf': This function or variable may be unsafe. Consider using scanf_s instead. To disable deprecation, use _CRT_SECURE_NO_WARNINGS. See online help for details.
                 d:\program files\microsoft visual studio 10.0\vc\include\stdio.h(304) : 参见“scanf”的声明
     1>c:\users\administrator\documents\visual studio 2010\projects\ecg\ecg\feature_extraction.cc(39): warning C4996: 'scanf': This function or variable may be unsafe. Consider using scanf_s instead. To disable deprecation, use _CRT_SECURE_NO_WARNINGS. See online help for details.
                 d:\program files\microsoft visual studio 10.0\vc\include\stdio.h(304) : 参见“scanf”的声明
     1>c:\users\administrator\documents\visual studio 2010\projects\ecg\ecg\feature_extraction.cc(45): warning C4996: 'scanf': This function or variable may be unsafe. Consider using scanf_s instead. To disable deprecation, use _CRT_SECURE_NO_WARNINGS. See online help for details.
                 d:\program files\microsoft visual studio 10.0\vc\include\stdio.h(304) : 参见“scanf”的声明
     1>c:\users\administrator\documents\visual studio 2010\projects\ecg\ecg\feature_extraction.cc(48): warning C4996: 'scanf': This function or variable may be unsafe. Consider using scanf_s instead. To disable deprecation, use _CRT_SECURE_NO_WARNINGS. See online help for details.
                 d:\program files\microsoft visual studio 10.0\vc\include\stdio.h(304) : 参见“scanf”的声明
     1>c:\users\administrator\documents\visual studio 2010\projects\ecg\ecg\feature_extraction.cc(75): warning C4996: 'freopen': This function or variable may be unsafe. Consider using freopen_s instead. To disable deprecation, use _CRT_SECURE_NO_WARNINGS. See online help for details.
                 d:\program files\microsoft visual studio 10.0\vc\include\stdio.h(249) : 参见“freopen”的声明
     1>c:\users\administrator\documents\visual studio 2010\projects\ecg\ecg\feature_extraction.cc(88): warning C4244: “=”: 从“unsigned int”转换到“float”，可能丢失数据
     1>c:\users\administrator\documents\visual studio 2010\projects\ecg\ecg\feature_extraction.cc(96): warning C4244: “=”: 从“float”转换到“int”，可能丢失数据
       ManifestResourceCompile:
         所有输出均为最新。
       Link:
         d:\Program Files\Microsoft Visual Studio 10.0\VC\bin\link.exe /ERRORREPORT:PROMPT /OUT:"C:\Users\Administrator\Documents\Visual Studio 2010\Projects\ECG\Debug\ECG.exe" /INCREMENTAL /NOLOGO kernel32.lib user32.lib gdi32.lib winspool.lib comdlg32.lib advapi32.lib shell32.lib ole32.lib oleaut32.lib uuid.lib odbc32.lib odbccp32.lib /MANIFEST /ManifestFile:"Debug\ECG.exe.intermediate.manifest" /MANIFESTUAC:"level='asInvoker' uiAccess='false'" /DEBUG /PDB:"C:\Users\Administrator\Documents\Visual Studio 2010\Projects\ECG\Debug\ECG.pdb" /SUBSYSTEM:CONSOLE /TLBID:1 /ENTRY:"mainCRTStartup" /DYNAMICBASE /NXCOMPAT /IMPLIB:"C:\Users\Administrator\Documents\Visual Studio 2010\Projects\ECG\Debug\ECG.lib" /MACHINE:X86 Debug\ECG.exe.embed.manifest.res
         Debug\feature_extraction.obj
         Debug\main.obj
       Manifest:
         C:\Program Files\Microsoft SDKs\Windows\v7.0A\bin\mt.exe /nologo /verbose /out:"Debug\ECG.exe.embed.manifest" /manifest Debug\ECG.exe.intermediate.manifest
         所有输出均为最新。
       LinkEmbedManifest:
         所有输出均为最新。
         ECG.vcxproj -> C:\Users\Administrator\Documents\Visual Studio 2010\Projects\ECG\Debug\ECG.exe
       FinalizeBuildStatus:
         正在删除文件“Debug\ECG.unsuccessfulbuild”。
         正在对“Debug\ECG.lastbuildstate”执行 Touch 任务。
     1>已完成生成项目“C:\Users\Administrator\Documents\Visual Studio 2010\Projects\ECG\ECG\ECG.vcxproj”(build 个目标)的操作。

生成成功。

已用时间 00:00:03.81
